[debug] [2023-02-11T07:59:51.685Z] ----------------------------------------------------------------------
[debug] [2023-02-11T07:59:51.689Z] Command:       C:\Program Files\nodejs\node.exe C:\Users\Hoorain\AppData\Roaming\npm\node_modules\firebase-tools\lib\bin\firebase.js deploy
[debug] [2023-02-11T07:59:51.691Z] CLI Version:   11.15.0
[debug] [2023-02-11T07:59:51.691Z] Platform:      win32
[debug] [2023-02-11T07:59:51.692Z] Node Version:  v18.13.0
[debug] [2023-02-11T07:59:51.693Z] Time:          Sat Feb 11 2023 12:59:51 GMT+0500 (Pakistan Standard Time)
[debug] [2023-02-11T07:59:51.694Z] ----------------------------------------------------------------------
[debug] 
[debug] [2023-02-11T07:59:51.863Z] > command requires scopes: ["email","openid","https://www.googleapis.com/auth/cloudplatformprojects.readonly","https://www.googleapis.com/auth/firebase","https://www.googleapis.com/auth/cloud-platform"]
[debug] [2023-02-11T07:59:51.864Z] > authorizing via signed-in user (sundas1166@gmail.com)
[debug] [2023-02-11T07:59:51.864Z] [iam] checking project react-router-dom-f5fa4 for permissions ["firebase.projects.get","firebasehosting.sites.update"]
[debug] [2023-02-11T07:59:51.869Z] >>> [apiv2][query] POST https://cloudresourcemanager.googleapis.com/v1/projects/react-router-dom-f5fa4:testIamPermissions [none]
[debug] [2023-02-11T07:59:51.869Z] >>> [apiv2][(partial)header] POST https://cloudresourcemanager.googleapis.com/v1/projects/react-router-dom-f5fa4:testIamPermissions x-goog-quota-user=projects/react-router-dom-f5fa4
[debug] [2023-02-11T07:59:51.869Z] >>> [apiv2][body] POST https://cloudresourcemanager.googleapis.com/v1/projects/react-router-dom-f5fa4:testIamPermissions {"permissions":["firebase.projects.get","firebasehosting.sites.update"]}
[debug] [2023-02-11T08:00:04.110Z] <<< [apiv2][status] POST https://cloudresourcemanager.googleapis.com/v1/projects/react-router-dom-f5fa4:testIamPermissions 200
[debug] [2023-02-11T08:00:04.111Z] <<< [apiv2][body] POST https://cloudresourcemanager.googleapis.com/v1/projects/react-router-dom-f5fa4:testIamPermissions {"permissions":["firebase.projects.get","firebasehosting.sites.update"]}
[debug] [2023-02-11T08:00:04.116Z] >>> [apiv2][query] GET https://firebase.googleapis.com/v1beta1/projects/react-router-dom-f5fa4 [none]
[debug] [2023-02-11T08:00:13.256Z] <<< [apiv2][status] GET https://firebase.googleapis.com/v1beta1/projects/react-router-dom-f5fa4 200
[debug] [2023-02-11T08:00:13.257Z] <<< [apiv2][body] GET https://firebase.googleapis.com/v1beta1/projects/react-router-dom-f5fa4 {"projectId":"react-router-dom-f5fa4","projectNumber":"478172006665","displayName":"React router dom","name":"projects/react-router-dom-f5fa4","resources":{"hostingSite":"react-router-dom-f5fa4"},"state":"ACTIVE","etag":"1_94d86a59-db2b-44e1-8bf2-d74871eedc95"}
[info] 
[info] === Deploying to 'react-router-dom-f5fa4'...
[info] 
[info] i  deploying hosting 
[debug] [2023-02-11T08:00:13.272Z] >>> [apiv2][query] POST https://firebasehosting.googleapis.com/v1beta1/projects/-/sites/react-router-dom-f5fa4/versions [none]
[debug] [2023-02-11T08:00:13.272Z] >>> [apiv2][body] POST https://firebasehosting.googleapis.com/v1beta1/projects/-/sites/react-router-dom-f5fa4/versions {"status":"CREATED","labels":{"deployment-tool":"cli-firebase"}}
[debug] [2023-02-11T08:00:27.252Z] <<< [apiv2][status] POST https://firebasehosting.googleapis.com/v1beta1/projects/-/sites/react-router-dom-f5fa4/versions 200
[debug] [2023-02-11T08:00:27.252Z] <<< [apiv2][body] POST https://firebasehosting.googleapis.com/v1beta1/projects/-/sites/react-router-dom-f5fa4/versions {"name":"projects/478172006665/sites/react-router-dom-f5fa4/versions/fe37ea73c353f60d","status":"CREATED","config":{},"labels":{"deployment-tool":"cli-firebase"}}
[info] i  hosting[react-router-dom-f5fa4]: beginning deploy... 
[info] i  hosting[react-router-dom-f5fa4]: found 14 files in build 
[debug] [2023-02-11T08:00:27.287Z] [hosting] uploading with 200 concurrency
[debug] [2023-02-11T08:00:27.289Z] [hosting] hash cache [YnVpbGQ] not populated
[debug] [2023-02-11T08:00:27.496Z] [hosting] hash cache [YnVpbGQ] stored for 14 files
[debug] [2023-02-11T08:00:27.496Z] [hosting][hash queue][FINAL] {"max":189,"min":29,"avg":47.42857142857143,"active":0,"complete":14,"success":14,"errored":0,"retried":0,"total":14,"elapsed":204}
[debug] [2023-02-11T08:00:27.497Z] >>> [apiv2][query] POST https://firebasehosting.googleapis.com/v1beta1/projects/478172006665/sites/react-router-dom-f5fa4/versions/fe37ea73c353f60d:populateFiles [none]
[debug] [2023-02-11T08:00:27.498Z] >>> [apiv2][body] POST https://firebasehosting.googleapis.com/v1beta1/projects/478172006665/sites/react-router-dom-f5fa4/versions/fe37ea73c353f60d:populateFiles {"files":{"/asset-manifest.json":"dfb6412bcc3a05e8dd60e9e84f1fd1b30dda20572d4632b20620b8c6a330eae1","/favicon.ico":"eae62e993eb980ec8a25058c39d5a51feab118bd2100c4deebb2a9c158ec11f9","/index.html":"198dcc79f324497a321eb93e3e072e897b6f7497d1fd0fefdff3f8fd60a1a62d","/logo192.png":"3ee59515172ee198f3be375979df15ac5345183e656720a381b8872b2a39dc8b","/manifest.json":"aff3449bdc238776f5d6d967f19ec491b36aed5fb7f23ccff6500736fd58494a","/robots.txt":"bfe106a3fb878dc83461c86818bf74fc1bdc7f28538ba613cd3e775516ce8b49","/logo512.png":"ee7e2f3fdb8209c4b6fd7bef6ba50d1b9dba30a25bb5c3126df057e1cb6f5331","/static/js/787.2d361cc3.chunk.js":"aba62a2b318e1c2c6b760b7afb31cdd7499eade6def7c380d06b76735ec9d521","/static/js/787.2d361cc3.chunk.js.map":"2c46d90f2aafe2ba5937107507bfab4281bc646b63774e362b1cb04c1df90adb","/static/js/main.d70014fe.js.LICENSE.txt":"38423aead7c666c8648c7d6d75d6a983fa34b29af00dacde04d51b41625e8340","/static/css/main.09d4fc6a.css":"160276a9aad901cea1b6f5a9fe3269cc7158c6c1c997212caa9cbc4b7edb9e4e","/static/js/main.d70014fe.js":"5fa8ca8ef3c5f4bd428eb7aba8990bf98c898d380653a641d341f52385b542b8","/static/css/main.09d4fc6a.css.map":"feddfdbd82b7d1c3e95fcfb89d776960ebd4d9eec69256e18defd5c62f244dd8","/static/js/main.d70014fe.js.map":"48ccc7f693f590ae9b018f983b44d86a3b0155548fc464be13f31b3f399e314c"}}
